C51 COMPILER V9.60.7.0   ABCD                                                              09/21/2023 01:03:58 PAGE 1   


C51 COMPILER V9.60.7.0, COMPILATION OF MODULE ABCD
OBJECT MODULE PLACED IN .\Objects\ABCD.obj
COMPILER INVOKED BY: C:\Keil_v5\C51\BIN\C51.EXE ABCD.c OPTIMIZE(8,SPEED) BROWSE DEBUG OBJECTEXTEND PRINT(.\Listings\ABCD
                    -.lst) TABS(2) OBJECT(.\Objects\ABCD.obj)

line level    source

   1          #include <REGX52.H>
   2          
   3          sbit bt = P1^0;
   4           void delay(void)
   5          {
   6   1        int i,j;
   7   1        for(i=0;i<500;i++)
   8   1          for(j=0;j<100;j++);
   9   1        
  10   1       }
  11          
  12           void main()
  13           { 
  14   1         while(1){
  15   2              P2=0x40;
  16   2                  delay();
  17   2              P2=0xff;
  18   2              delay();
  19   2                P2=0xf9; 
  20   2                  delay();
  21   2              P2=0xff;
  22   2              delay();
  23   2                P2=0x24; 
  24   2                  delay();
  25   2              P2=0xff;
  26   2              delay();
  27   2                P2=0x30; 
  28   2                  delay();
  29   2              P2=0xff;
  30   2              delay();
  31   2                P2=0x19; 
  32   2                  delay();
  33   2              P2=0xff;
  34   2              delay();
  35   2                P2=0x12; 
  36   2                  delay();
  37   2              P2=0xff;
  38   2              delay();
  39   2                P2=0x02; 
  40   2                  delay();
  41   2              P2=0xff;
  42   2              delay();
  43   2                P2=0xf8; 
  44   2                  delay();
  45   2              P2=0xff;
  46   2              delay();
  47   2                P2=0x80; 
  48   2                  delay();
  49   2              P2=0xff;
  50   2              delay();
  51   2                P2=0x10; 
  52   2                  delay();
  53   2              P2=0xff;
  54   2              delay();
C51 COMPILER V9.60.7.0   ABCD                                                              09/21/2023 01:03:58 PAGE 2   

  55   2                P2=0x08;
  56   2                  delay();
  57   2              P2=0xff;
  58   2              delay();
  59   2                P2=0x80;
  60   2                  delay();
  61   2              P2=0xff;
  62   2              delay();
  63   2                P2=0x46;
  64   2                  delay();
  65   2              P2=0xff;
  66   2              delay();
  67   2                P2=0x40;
  68   2                  delay();
  69   2              P2=0xff;
  70   2              delay();
  71   2                P2=0x06;
  72   2                  delay();
  73   2              P2=0xff;
  74   2              delay();
  75   2                P2=0x0e;
  76   2                  delay();
  77   2              P2=0xff;
  78   2              delay();
  79   2            
  80   2          }
  81   1       }
  82          


MODULE INFORMATION:   STATIC OVERLAYABLE
   CODE SIZE        =    134    ----
   CONSTANT SIZE    =   ----    ----
   XDATA SIZE       =   ----    ----
   PDATA SIZE       =   ----    ----
   DATA SIZE        =   ----    ----
   IDATA SIZE       =   ----    ----
   BIT SIZE         =   ----    ----
END OF MODULE INFORMATION.


C51 COMPILATION COMPLETE.  0 WARNING(S),  0 ERROR(S)
