C51 COMPILER V9.60.7.0   BLINK_LED                                                         09/17/2023 20:51:12 PAGE 1   


C51 COMPILER V9.60.7.0, COMPILATION OF MODULE BLINK_LED
OBJECT MODULE PLACED IN .\Objects\Blink_led.obj
COMPILER INVOKED BY: C:\Keil_v5\C51\BIN\C51.EXE Blink_led.c OPTIMIZE(8,SPEED) BROWSE DEBUG OBJECTEXTEND PRINT(.\Listings
                    -\Blink_led.lst) TABS(2) OBJECT(.\Objects\Blink_led.obj)

line level    source

   1          #include <REGX52.H>
   2          
   3           
   4           void delay(void)
   5          {
   6   1        int i, j;
   7   1        for(i=0; i<1000; i++)
   8   1          for(j=0; j<1000; j++);
   9   1       }
  10           
  11           void main()
  12           {
  13   1         while(1)
  14   1        {
  15   2          P1=0x01;  //set port P1.0, blue LED ON & red LED OFF
  16   2          delay();
  17   2          P1=0x00;  //set port P1.3, blue LED OFF & red LED ON
  18   2          delay();
  19   2        }
  20   1       }
  21          


MODULE INFORMATION:   STATIC OVERLAYABLE
   CODE SIZE        =     43    ----
   CONSTANT SIZE    =   ----    ----
   XDATA SIZE       =   ----    ----
   PDATA SIZE       =   ----    ----
   DATA SIZE        =   ----    ----
   IDATA SIZE       =   ----    ----
   BIT SIZE         =   ----    ----
END OF MODULE INFORMATION.


C51 COMPILATION COMPLETE.  0 WARNING(S),  0 ERROR(S)
