C51 COMPILER V9.60.7.0   ON_OFF                                                            09/21/2023 00:28:24 PAGE 1   


C51 COMPILER V9.60.7.0, COMPILATION OF MODULE ON_OFF
OBJECT MODULE PLACED IN .\Objects\ON_OFF.obj
COMPILER INVOKED BY: C:\Keil_v5\C51\BIN\C51.EXE ON_OFF.c OPTIMIZE(8,SPEED) BROWSE DEBUG OBJECTEXTEND PRINT(.\Listings\ON
                    -_OFF.lst) TABS(2) OBJECT(.\Objects\ON_OFF.obj)

line level    source

   1          #include <REGX52.H>
   2          
   3          //sbit bt = P1^0;
   4           void delay(void)
   5          {
   6   1        int i,j;
   7   1        for(i=0;i<500;i++)
   8   1          for(j=0;j<100;j++);
   9   1        
  10   1       }
  11          
  12           void main()
  13           { 
  14   1         
  15   1         P2=0x00;
  16   1         
  17   1          
  18   1       }
  19          


MODULE INFORMATION:   STATIC OVERLAYABLE
   CODE SIZE        =     33    ----
   CONSTANT SIZE    =   ----    ----
   XDATA SIZE       =   ----    ----
   PDATA SIZE       =   ----    ----
   DATA SIZE        =   ----    ----
   IDATA SIZE       =   ----    ----
   BIT SIZE         =   ----    ----
END OF MODULE INFORMATION.


C51 COMPILATION COMPLETE.  0 WARNING(S),  0 ERROR(S)
