C51 COMPILER V9.60.7.0   PP_8952                                                           09/21/2023 12:12:23 PAGE 1   


C51 COMPILER V9.60.7.0, COMPILATION OF MODULE PP_8952
OBJECT MODULE PLACED IN .\Objects\pp_8952.obj
COMPILER INVOKED BY: C:\Keil_v5\C51\BIN\C51.EXE pp_8952.c OPTIMIZE(8,SPEED) BROWSE DEBUG OBJECTEXTEND PRINT(.\Listings\p
                    -p_8952.lst) TABS(2) OBJECT(.\Objects\pp_8952.obj)

line level    source

   1          #include <REGX52.H>
   2          
   3           
   4           void delay()
   5          {
   6   1        int i, j;
   7   1        for(i=0; i<500; i++)
   8   1          for(j=0; j<100; j++);
   9   1       }
  10           
  11           void main()
  12           {
  13   1         while(1)
  14   1         {
  15   2           P1=0x00;
  16   2         delay();
  17   2         P1=0xff;
  18   2         delay();
  19   2         }
  20   1       }
  21           
  22          
  23           
  24           
  25           
  26           
  27          


MODULE INFORMATION:   STATIC OVERLAYABLE
   CODE SIZE        =     43    ----
   CONSTANT SIZE    =   ----    ----
   XDATA SIZE       =   ----    ----
   PDATA SIZE       =   ----    ----
   DATA SIZE        =   ----    ----
   IDATA SIZE       =   ----    ----
   BIT SIZE         =   ----    ----
END OF MODULE INFORMATION.


C51 COMPILATION COMPLETE.  0 WARNING(S),  0 ERROR(S)
